<?xml version="1.0" encoding="UTF-8"?>
<testng-results ignored="0" total="3" passed="3" failed="0" skipped="0">
  <reporter-output>
  </reporter-output>
  <suite started-at="2021-05-16T02:38:30 IST" name="Default suite" finished-at="2021-05-16T02:38:58 IST" duration-ms="28072">
    <groups>
    </groups>
    <test started-at="2021-05-16T02:38:30 IST" name="Default test" finished-at="2021-05-16T02:38:58 IST" duration-ms="28072">
      <class name="com.crm.qa.testcases.LoginPageTest">
        <test-method is-config="true" signature="setUp()[pri:0, instance:com.crm.qa.testcases.LoginPageTest@306f16f3]" started-at="2021-05-16T02:38:30 IST" name="setUp" finished-at="2021-05-16T02:38:38 IST" duration-ms="7670" status="PASS">
          <reporter-output>
          </reporter-output>
        </test-method> <!-- setUp -->
        <test-method signature="loginPageTitleTest()[pri:1, instance:com.crm.qa.testcases.LoginPageTest@306f16f3]" started-at="2021-05-16T02:38:38 IST" name="loginPageTitleTest" finished-at="2021-05-16T02:38:38 IST" duration-ms="775" status="PASS">
          <reporter-output>
          </reporter-output>
        </test-method> <!-- loginPageTitleTest -->
        <test-method is-config="true" signature="tearDown()[pri:0, instance:com.crm.qa.testcases.LoginPageTest@306f16f3]" started-at="2021-05-16T02:38:38 IST" name="tearDown" finished-at="2021-05-16T02:38:39 IST" duration-ms="227" status="PASS">
          <reporter-output>
          </reporter-output>
        </test-method> <!-- tearDown -->
        <test-method is-config="true" signature="setUp()[pri:0, instance:com.crm.qa.testcases.LoginPageTest@306f16f3]" started-at="2021-05-16T02:38:39 IST" name="setUp" finished-at="2021-05-16T02:38:45 IST" duration-ms="6237" status="PASS">
          <reporter-output>
          </reporter-output>
        </test-method> <!-- setUp -->
        <test-method signature="crmLogoImageTest()[pri:2, instance:com.crm.qa.testcases.LoginPageTest@306f16f3]" started-at="2021-05-16T02:38:45 IST" name="crmLogoImageTest" finished-at="2021-05-16T02:38:45 IST" duration-ms="258" status="PASS">
          <reporter-output>
          </reporter-output>
        </test-method> <!-- crmLogoImageTest -->
        <test-method is-config="true" signature="tearDown()[pri:0, instance:com.crm.qa.testcases.LoginPageTest@306f16f3]" started-at="2021-05-16T02:38:45 IST" name="tearDown" finished-at="2021-05-16T02:38:45 IST" duration-ms="222" status="PASS">
          <reporter-output>
          </reporter-output>
        </test-method> <!-- tearDown -->
        <test-method is-config="true" signature="setUp()[pri:0, instance:com.crm.qa.testcases.LoginPageTest@306f16f3]" started-at="2021-05-16T02:38:45 IST" name="setUp" finished-at="2021-05-16T02:38:51 IST" duration-ms="5546" status="PASS">
          <reporter-output>
          </reporter-output>
        </test-method> <!-- setUp -->
        <test-method signature="loginTest()[pri:3, instance:com.crm.qa.testcases.LoginPageTest@306f16f3]" started-at="2021-05-16T02:38:51 IST" name="loginTest" finished-at="2021-05-16T02:38:58 IST" duration-ms="6793" status="PASS">
          <reporter-output>
          </reporter-output>
        </test-method> <!-- loginTest -->
        <test-method is-config="true" signature="tearDown()[pri:0, instance:com.crm.qa.testcases.LoginPageTest@306f16f3]" started-at="2021-05-16T02:38:58 IST" name="tearDown" finished-at="2021-05-16T02:38:58 IST" duration-ms="226" status="PASS">
          <reporter-output>
          </reporter-output>
        </test-method> <!-- tearDown -->
      </class> <!-- com.crm.qa.testcases.LoginPageTest -->
    </test> <!-- Default test -->
  </suite> <!-- Default suite -->
</testng-results>
